<?xml version="1.0" encoding="UTF-8"?>
<testng-results skipped="0" failed="0" ignored="0" total="1" passed="1">
  <reporter-output>
  </reporter-output>
  <suite name="Default suite" duration-ms="8134" started-at="2018-10-26T04:29:39Z" finished-at="2018-10-26T04:29:47Z">
    <groups>
    </groups>
    <test name="Default test" duration-ms="8134" started-at="2018-10-26T04:29:39Z" finished-at="2018-10-26T04:29:47Z">
      <class name="com.qa.barcode.PdfReaderTest">
        <test-method status="PASS" signature="setUp()[pri:0, instance:com.qa.barcode.PdfReaderTest@1794d431]" name="setUp" is-config="true" duration-ms="6505" started-at="2018-10-26T04:29:39Z" finished-at="2018-10-26T04:29:45Z">
          <reporter-output>
          </reporter-output>
        </test-method> <!-- setUp -->
        <test-method status="PASS" signature="pdfReaderTest()[pri:0, instance:com.qa.barcode.PdfReaderTest@1794d431]" name="pdfReaderTest" duration-ms="1595" started-at="2018-10-26T04:29:45Z" finished-at="2018-10-26T04:29:47Z">
          <reporter-output>
          </reporter-output>
        </test-method> <!-- pdfReaderTest -->
      </class> <!-- com.qa.barcode.PdfReaderTest -->
    </test> <!-- Default test -->
  </suite> <!-- Default suite -->
</testng-results>
